0 info it worked if it ends with ok
1 verbose cli [ 'node', '/usr/local/bin/npm', 'publish' ]
2 info using npm@1.3.11
3 info using node@v0.10.21
4 verbose publish [ '.' ]
5 verbose cache add [ '.', null ]
6 verbose cache add name=undefined spec="." args=[".",null]
7 verbose parsed url { protocol: null,
7 verbose parsed url   slashes: null,
7 verbose parsed url   auth: null,
7 verbose parsed url   host: null,
7 verbose parsed url   port: null,
7 verbose parsed url   hostname: null,
7 verbose parsed url   hash: null,
7 verbose parsed url   search: null,
7 verbose parsed url   query: null,
7 verbose parsed url   pathname: '.',
7 verbose parsed url   path: '.',
7 verbose parsed url   href: '.' }
8 silly lockFile 3a52ce78- .
9 verbose lock . /Users/craig/.npm/3a52ce78-.lock
10 verbose tar pack [ '/var/folders/n1/r96x64mx6jzcbzkbz1ddrw6r0000gn/T/npm-6123-rkxqCt4Y/1391808930039-0.11940070777200162/tmp.tgz',
10 verbose tar pack   '.' ]
11 verbose tarball /var/folders/n1/r96x64mx6jzcbzkbz1ddrw6r0000gn/T/npm-6123-rkxqCt4Y/1391808930039-0.11940070777200162/tmp.tgz
12 verbose folder .
13 silly lockFile 1f1177db-tar tar://.
14 verbose lock tar://. /Users/craig/.npm/1f1177db-tar.lock
15 silly lockFile f817dcc6-0039-0-11940070777200162-tmp-tgz tar:///var/folders/n1/r96x64mx6jzcbzkbz1ddrw6r0000gn/T/npm-6123-rkxqCt4Y/1391808930039-0.11940070777200162/tmp.tgz
16 verbose lock tar:///var/folders/n1/r96x64mx6jzcbzkbz1ddrw6r0000gn/T/npm-6123-rkxqCt4Y/1391808930039-0.11940070777200162/tmp.tgz /Users/craig/.npm/f817dcc6-0039-0-11940070777200162-tmp-tgz.lock
17 silly lockFile 1f1177db-tar tar://.
18 silly lockFile 1f1177db-tar tar://.
19 silly lockFile f817dcc6-0039-0-11940070777200162-tmp-tgz tar:///var/folders/n1/r96x64mx6jzcbzkbz1ddrw6r0000gn/T/npm-6123-rkxqCt4Y/1391808930039-0.11940070777200162/tmp.tgz
20 silly lockFile f817dcc6-0039-0-11940070777200162-tmp-tgz tar:///var/folders/n1/r96x64mx6jzcbzkbz1ddrw6r0000gn/T/npm-6123-rkxqCt4Y/1391808930039-0.11940070777200162/tmp.tgz
21 verbose tar unpack /var/folders/n1/r96x64mx6jzcbzkbz1ddrw6r0000gn/T/npm-6123-rkxqCt4Y/1391808930039-0.11940070777200162/tmp.tgz
22 silly lockFile 54bb36c7-0039-0-11940070777200162-package tar:///var/folders/n1/r96x64mx6jzcbzkbz1ddrw6r0000gn/T/npm-6123-rkxqCt4Y/1391808930039-0.11940070777200162/package
23 verbose lock tar:///var/folders/n1/r96x64mx6jzcbzkbz1ddrw6r0000gn/T/npm-6123-rkxqCt4Y/1391808930039-0.11940070777200162/package /Users/craig/.npm/54bb36c7-0039-0-11940070777200162-package.lock
24 silly lockFile f817dcc6-0039-0-11940070777200162-tmp-tgz tar:///var/folders/n1/r96x64mx6jzcbzkbz1ddrw6r0000gn/T/npm-6123-rkxqCt4Y/1391808930039-0.11940070777200162/tmp.tgz
25 verbose lock tar:///var/folders/n1/r96x64mx6jzcbzkbz1ddrw6r0000gn/T/npm-6123-rkxqCt4Y/1391808930039-0.11940070777200162/tmp.tgz /Users/craig/.npm/f817dcc6-0039-0-11940070777200162-tmp-tgz.lock
26 silly gunzTarPerm modes [ '755', '644' ]
27 silly gunzTarPerm extractEntry package.json
28 silly gunzTarPerm extractEntry .npmignore
29 silly gunzTarPerm extractEntry README.md
30 silly gunzTarPerm extractEntry docs/pseudo.js
31 silly gunzTarPerm extractEntry lib/index.js
32 silly gunzTarPerm extractEntry lib/base/collection.js
33 silly gunzTarPerm extractEntry lib/ectwo/base/collection.js
34 silly lockFile 54bb36c7-0039-0-11940070777200162-package tar:///var/folders/n1/r96x64mx6jzcbzkbz1ddrw6r0000gn/T/npm-6123-rkxqCt4Y/1391808930039-0.11940070777200162/package
35 silly lockFile 54bb36c7-0039-0-11940070777200162-package tar:///var/folders/n1/r96x64mx6jzcbzkbz1ddrw6r0000gn/T/npm-6123-rkxqCt4Y/1391808930039-0.11940070777200162/package
36 silly lockFile f817dcc6-0039-0-11940070777200162-tmp-tgz tar:///var/folders/n1/r96x64mx6jzcbzkbz1ddrw6r0000gn/T/npm-6123-rkxqCt4Y/1391808930039-0.11940070777200162/tmp.tgz
37 silly lockFile f817dcc6-0039-0-11940070777200162-tmp-tgz tar:///var/folders/n1/r96x64mx6jzcbzkbz1ddrw6r0000gn/T/npm-6123-rkxqCt4Y/1391808930039-0.11940070777200162/tmp.tgz
38 verbose tar pack [ '/Users/craig/.npm/awsm/0.0.0/package.tgz',
38 verbose tar pack   '/var/folders/n1/r96x64mx6jzcbzkbz1ddrw6r0000gn/T/npm-6123-rkxqCt4Y/1391808930039-0.11940070777200162/package' ]
39 verbose tarball /Users/craig/.npm/awsm/0.0.0/package.tgz
40 verbose folder /var/folders/n1/r96x64mx6jzcbzkbz1ddrw6r0000gn/T/npm-6123-rkxqCt4Y/1391808930039-0.11940070777200162/package
41 silly lockFile 54bb36c7-0039-0-11940070777200162-package tar:///var/folders/n1/r96x64mx6jzcbzkbz1ddrw6r0000gn/T/npm-6123-rkxqCt4Y/1391808930039-0.11940070777200162/package
42 verbose lock tar:///var/folders/n1/r96x64mx6jzcbzkbz1ddrw6r0000gn/T/npm-6123-rkxqCt4Y/1391808930039-0.11940070777200162/package /Users/craig/.npm/54bb36c7-0039-0-11940070777200162-package.lock
43 silly lockFile 4f95ebb5-craig-npm-awsm-0-0-0-package-tgz tar:///Users/craig/.npm/awsm/0.0.0/package.tgz
44 verbose lock tar:///Users/craig/.npm/awsm/0.0.0/package.tgz /Users/craig/.npm/4f95ebb5-craig-npm-awsm-0-0-0-package-tgz.lock
45 silly lockFile 54bb36c7-0039-0-11940070777200162-package tar:///var/folders/n1/r96x64mx6jzcbzkbz1ddrw6r0000gn/T/npm-6123-rkxqCt4Y/1391808930039-0.11940070777200162/package
46 silly lockFile 54bb36c7-0039-0-11940070777200162-package tar:///var/folders/n1/r96x64mx6jzcbzkbz1ddrw6r0000gn/T/npm-6123-rkxqCt4Y/1391808930039-0.11940070777200162/package
47 silly lockFile 4f95ebb5-craig-npm-awsm-0-0-0-package-tgz tar:///Users/craig/.npm/awsm/0.0.0/package.tgz
48 silly lockFile 4f95ebb5-craig-npm-awsm-0-0-0-package-tgz tar:///Users/craig/.npm/awsm/0.0.0/package.tgz
49 silly lockFile a1f7ecba-ers-craig-npm-awsm-0-0-0-package /Users/craig/.npm/awsm/0.0.0/package
50 verbose lock /Users/craig/.npm/awsm/0.0.0/package /Users/craig/.npm/a1f7ecba-ers-craig-npm-awsm-0-0-0-package.lock
51 silly lockFile a1f7ecba-ers-craig-npm-awsm-0-0-0-package /Users/craig/.npm/awsm/0.0.0/package
52 silly lockFile a1f7ecba-ers-craig-npm-awsm-0-0-0-package /Users/craig/.npm/awsm/0.0.0/package
53 verbose tar unpack /Users/craig/.npm/awsm/0.0.0/package.tgz
54 silly lockFile 256f3f53-ers-craig-npm-awsm-0-0-0-package tar:///Users/craig/.npm/awsm/0.0.0/package
55 verbose lock tar:///Users/craig/.npm/awsm/0.0.0/package /Users/craig/.npm/256f3f53-ers-craig-npm-awsm-0-0-0-package.lock
56 silly lockFile 4f95ebb5-craig-npm-awsm-0-0-0-package-tgz tar:///Users/craig/.npm/awsm/0.0.0/package.tgz
57 verbose lock tar:///Users/craig/.npm/awsm/0.0.0/package.tgz /Users/craig/.npm/4f95ebb5-craig-npm-awsm-0-0-0-package-tgz.lock
58 silly gunzTarPerm modes [ '755', '644' ]
59 silly gunzTarPerm extractEntry package.json
60 silly gunzTarPerm extractEntry .npmignore
61 silly gunzTarPerm extractEntry README.md
62 silly gunzTarPerm extractEntry docs/pseudo.js
63 silly gunzTarPerm extractEntry lib/index.js
64 silly gunzTarPerm extractEntry lib/base/collection.js
65 silly gunzTarPerm extractEntry lib/ectwo/base/collection.js
66 silly lockFile 256f3f53-ers-craig-npm-awsm-0-0-0-package tar:///Users/craig/.npm/awsm/0.0.0/package
67 silly lockFile 256f3f53-ers-craig-npm-awsm-0-0-0-package tar:///Users/craig/.npm/awsm/0.0.0/package
68 silly lockFile 4f95ebb5-craig-npm-awsm-0-0-0-package-tgz tar:///Users/craig/.npm/awsm/0.0.0/package.tgz
69 silly lockFile 4f95ebb5-craig-npm-awsm-0-0-0-package-tgz tar:///Users/craig/.npm/awsm/0.0.0/package.tgz
70 verbose chmod /Users/craig/.npm/awsm/0.0.0/package.tgz 644
71 verbose chown /Users/craig/.npm/awsm/0.0.0/package.tgz [ 501, 20 ]
72 silly lockFile 3a52ce78- .
73 silly lockFile 3a52ce78- .
74 silly publish { name: 'awsm',
74 silly publish   version: '0.0.0',
74 silly publish   description: 'node-awsm =========',
74 silly publish   main: './lib/index.js',
74 silly publish   scripts: { test: 'echo "Error: no test specified" && exit 1' },
74 silly publish   repository: { type: 'git', url: 'git://github.com/crcn/node-awsm.git' },
74 silly publish   author: '',
74 silly publish   license: 'MIT',
74 silly publish   bugs: { url: 'https://github.com/crcn/node-awsm/issues' },
74 silly publish   dependencies:
74 silly publish    { protoclass: '0.0.x',
74 silly publish      bindable: '0.5.x',
74 silly publish      toarray: '0.0.x',
74 silly publish      outcome: '0.0.x',
74 silly publish      sift: '0.0.x',
74 silly publish      comerr: '0.0.x',
74 silly publish      colors: '0.6.x',
74 silly publish      'aws-sdk': '2.0.x',
74 silly publish      hurryup: '0.0.x',
74 silly publish      brasslet: '0.0.x' },
74 silly publish   devDependencies: { 'expect.js': '~0.2.0', mocha: '~1.17.1' },
74 silly publish   readme: 'Awsm provides a mongodb-like interface for controlling various AWS services such as `ec2`, `route53`, and `cloudfront`.\n\n## API\n\nTODO',
74 silly publish   readmeFilename: 'README.md',
74 silly publish   _id: 'awsm@0.0.0',
74 silly publish   dist: { shasum: '1751cc3a580aef8017f87e6a1b2716710fb100f1' },
74 silly publish   _from: '.' }
75 verbose url raw awsm
76 verbose url resolving [ 'http://registry.npmjs.org/', './awsm' ]
77 verbose url resolved http://registry.npmjs.org/awsm
78 info trying registry request attempt 1 at 13:35:30
79 http PUT http://registry.npmjs.org/awsm
80 http 409 http://registry.npmjs.org/awsm
81 verbose url raw awsm
82 verbose url resolving [ 'http://registry.npmjs.org/', './awsm' ]
83 verbose url resolved http://registry.npmjs.org/awsm
84 info trying registry request attempt 1 at 13:35:30
85 http GET http://registry.npmjs.org/awsm
86 http 200 http://registry.npmjs.org/awsm
87 error publish fail Cannot publish over existing version.
87 error publish fail Update the 'version' field in package.json and try again.
87 error publish fail
87 error publish fail If the previous version was published in error, see:
87 error publish fail     npm help unpublish
87 error publish fail
87 error publish fail To automatically increment version numbers, see:
87 error publish fail     npm help version
88 error System Darwin 13.0.0
89 error command "node" "/usr/local/bin/npm" "publish"
90 error cwd /Users/craig/Developer/Public/node-awsm
91 error node -v v0.10.21
92 error npm -v 1.3.11
93 error code EPUBLISHCONFLICT
94 verbose exit [ 1, true ]
